Logging: args  Namespace(lr=2e-05, batch_size=512, weight_decay=0.01, epochs=25, eval_epochs=1, use_model_preds=1, print_freq=500, max_positions_PE=50, max_items_QG=21, repo_name='philipphager/baidu-ultr_uva-mlm-ctr', perturbation_sampling=False, sampling_type='rand_perturb', ultr_models=None, lr_drop=15, save_epochs=5, delta_retain=0.5, soft_labels=False, soft_base=0.9, soft_gain=0.02, lr_drop_epochs=None, clip_max_norm=0.1, n_gpus=2, problem_type='classification', save_fname=None, output_path='/home/ec2-user/workspace/outputs/', data_path='/home/ec2-user/workspace/data/custom_click', output_folder='rr_org_pre_hard', load_path='', load_path_reward='/home/ec2-user/workspace/outputs/sr_df/checkpoints/checkpoint30.pth', load_path_ranker='/home/ec2-user/workspace/outputs/ranker_org_2e-5_log_nocat/checkpoints/checkpoint20.pth', device='cuda', seed=42, n_viz=0, resume=0, start_epoch=0, eval=False, ste=True, concat_feats=False, pretrain_ranker=True, merge_imgs=False, train_ranker=True, train_ranker_lambda=False, eval_rels=False, force_tnse=False, use_dcg=False, save_cls=False, debug=False, use_wandb=False, use_doc_feat=True, num_workers=4, log_file=<_io.TextIOWrapper name='/home/ec2-user/workspace/outputs/rr_org_pre_hard/out.log' mode='a' encoding='UTF-8'>, wandb_project_name='ranking', limit_train_batches=None, limit_val_batches=None, limit_test_batches=None, output_dir='/home/ec2-user/workspace/outputs/rr_org_pre_hard')

 Resuming  reward _model from :  /home/ec2-user/workspace/outputs/sr_df/checkpoints/checkpoint30.pth

 Resuming  arranger _model from :  /home/ec2-user/workspace/outputs/ranker_org_2e-5_log_nocat/checkpoints/checkpoint20.pth

 Val acc after  0  epochs :  57.506061422413794   loss :  0.7521148444249712

 Train acc after  0  epochs :  58.88947358952216   loss :  0.7214077300358313

 Val acc after  1  epochs :  56.616042564655174   loss :  0.7542501012826788

 Train acc after  1  epochs :  58.956376835060446   loss :  0.7212816733495903

 Val acc after  2  epochs :  56.71875   loss :  0.7574013868282581

 Train acc after  2  epochs :  58.480070703799655   loss :  0.7220946319088143

 Val acc after  3  epochs :  56.21295797413793   loss :  0.7565031239698673

 Train acc after  3  epochs :  58.42969649539436   loss :  0.7226344156896649

 Val acc after  4  epochs :  56.352033943965516   loss :  0.7559247148448023

 Train acc after  4  epochs :  58.26553054835924   loss :  0.7235264402048026

 Val acc after  5  epochs :  56.67160560344828   loss :  0.7496993505749209

 Saving at epoch  5

 Train acc after  5  epochs :  58.34896283103051   loss :  0.7236489247301219

 Val acc after  6  epochs :  57.29323814655172   loss :  0.736628323587878

 Train acc after  6  epochs :  58.448811708405294   loss :  0.7225596522145664

 Val acc after  7  epochs :  56.9598599137931   loss :  0.7402657653751045

 Train acc after  7  epochs :  58.56024215601612   loss :  0.7220004335449012

 Val acc after  8  epochs :  56.96322737068966   loss :  0.7410144175948767

 Train acc after  8  epochs :  58.55653155584341   loss :  0.7229820816216279

 Val acc after  9  epochs :  56.95379849137931   loss :  0.7413491051772545

 Train acc after  9  epochs :  58.51459052964882   loss :  0.7226927512736587

 Val acc after  10  epochs :  56.49212015086207   loss :  0.749310634773353

 Saving at epoch  10

 Train acc after  10  epochs :  58.416203403857224   loss :  0.7237774029365543

 Val acc after  11  epochs :  56.59247036637931   loss :  0.7474137870402172

 Train acc after  11  epochs :  58.48276932210708   loss :  0.7236773950585567

 Val acc after  12  epochs :  56.46417025862069   loss :  0.7510110916762517

 Train acc after  12  epochs :  58.55417026482441   loss :  0.722284402357276

 Val acc after  13  epochs :  57.621228448275865   loss :  0.7474591829653444

 Train acc after  13  epochs :  58.551021876799076   loss :  0.7230124800247781

 Val acc after  14  epochs :  57.095905172413794   loss :  0.7413362437281116

 Train acc after  14  epochs :  58.53966519142199   loss :  0.7230010680172315
