Logging: args  Namespace(lr=2e-05, batch_size=512, weight_decay=0.01, epochs=25, eval_epochs=1, use_model_preds=1, print_freq=500, max_positions_PE=50, max_items_QG=21, repo_name='philipphager/baidu-ultr_uva-mlm-ctr', perturbation_sampling=False, sampling_type='rand_perturb', ultr_models=None, lr_drop=20, save_epochs=5, delta_retain=0.5, soft_labels=False, soft_base=0.9, soft_gain=0.02, lr_drop_epochs=None, clip_max_norm=0.1, n_gpus=2, problem_type='classification', save_fname=None, output_path='/home/ec2-user/workspace/outputs/', data_path='/home/ec2-user/workspace/data/custom_click', output_folder='A_R_org', load_path='', load_path_reward='/home/ec2-user/workspace/outputs/sr_df/checkpoints/checkpoint35.pth', device='cuda', seed=42, n_viz=5, resume=0, start_epoch=0, eval=False, merge_imgs=False, train_ranker=True, force_tnse=False, save_cls=True, debug=False, use_wandb=False, use_doc_feat=True, num_workers=4, log_file=<_io.TextIOWrapper name='/home/ec2-user/workspace/outputs/A_R_org/out.log' mode='a' encoding='UTF-8'>, wandb_project_name='ranking', limit_train_batches=None, limit_val_batches=None, limit_test_batches=None, output_dir='/home/ec2-user/workspace/outputs/A_R_org')

 Resuming  reward _model from :  /home/ec2-user/workspace/outputs/sr_df/checkpoints/checkpoint35.pth
Logging: args  Namespace(lr=2e-05, batch_size=512, weight_decay=0.01, epochs=25, eval_epochs=1, use_model_preds=1, print_freq=500, max_positions_PE=50, max_items_QG=21, repo_name='philipphager/baidu-ultr_uva-mlm-ctr', perturbation_sampling=False, sampling_type='rand_perturb', ultr_models=None, lr_drop=20, save_epochs=5, delta_retain=0.5, soft_labels=False, soft_base=0.9, soft_gain=0.02, lr_drop_epochs=None, clip_max_norm=0.1, n_gpus=2, problem_type='classification', save_fname=None, output_path='/home/ec2-user/workspace/outputs/', data_path='/home/ec2-user/workspace/data/custom_click', output_folder='A_R_org', load_path='', load_path_reward='/home/ec2-user/workspace/outputs/sr_df/checkpoints/checkpoint35.pth', device='cuda', seed=42, n_viz=5, resume=0, start_epoch=0, eval=False, merge_imgs=False, train_ranker=True, force_tnse=False, save_cls=True, debug=False, use_wandb=False, use_doc_feat=True, num_workers=4, log_file=<_io.TextIOWrapper name='/home/ec2-user/workspace/outputs/A_R_org/out.log' mode='a' encoding='UTF-8'>, wandb_project_name='ranking', limit_train_batches=None, limit_val_batches=None, limit_test_batches=None, output_dir='/home/ec2-user/workspace/outputs/A_R_org')

 Resuming  reward _model from :  /home/ec2-user/workspace/outputs/sr_df/checkpoints/checkpoint35.pth

 Val acc after  0  epochs :  58.7920932112069   loss :  0.7409364260476211

 Train acc after  0  epochs :  60.12600298647093   loss :  0.7078728598977343
Logging: args  Namespace(lr=2e-05, batch_size=512, weight_decay=0.01, epochs=25, eval_epochs=1, use_model_preds=1, print_freq=500, max_positions_PE=50, max_items_QG=21, repo_name='philipphager/baidu-ultr_uva-mlm-ctr', perturbation_sampling=False, sampling_type='rand_perturb', ultr_models=None, lr_drop=20, save_epochs=5, delta_retain=0.5, soft_labels=False, soft_base=0.9, soft_gain=0.02, lr_drop_epochs=None, clip_max_norm=0.1, n_gpus=2, problem_type='classification', save_fname=None, output_path='/home/ec2-user/workspace/outputs/', data_path='/home/ec2-user/workspace/data/custom_click', output_folder='A_R_org', load_path='', load_path_reward='/home/ec2-user/workspace/outputs/sr_df/checkpoints/checkpoint35.pth', device='cuda', seed=42, n_viz=5, resume=0, start_epoch=0, eval=False, merge_imgs=False, train_ranker=True, force_tnse=False, save_cls=True, debug=False, use_wandb=False, use_doc_feat=True, num_workers=4, log_file=<_io.TextIOWrapper name='/home/ec2-user/workspace/outputs/A_R_org/out.log' mode='a' encoding='UTF-8'>, wandb_project_name='ranking', limit_train_batches=None, limit_val_batches=None, limit_test_batches=None, output_dir='/home/ec2-user/workspace/outputs/A_R_org')

 Resuming  reward _model from :  /home/ec2-user/workspace/outputs/sr_df/checkpoints/checkpoint35.pth
Logging: args  Namespace(lr=2e-05, batch_size=512, weight_decay=0.01, epochs=25, eval_epochs=1, use_model_preds=1, print_freq=500, max_positions_PE=50, max_items_QG=21, repo_name='philipphager/baidu-ultr_uva-mlm-ctr', perturbation_sampling=False, sampling_type='rand_perturb', ultr_models=None, lr_drop=20, save_epochs=5, delta_retain=0.5, soft_labels=False, soft_base=0.9, soft_gain=0.02, lr_drop_epochs=None, clip_max_norm=0.1, n_gpus=2, problem_type='classification', save_fname=None, output_path='/home/ec2-user/workspace/outputs/', data_path='/home/ec2-user/workspace/data/custom_click', output_folder='A_R_org', load_path='', load_path_reward='/home/ec2-user/workspace/outputs/sr_df/checkpoints/checkpoint35.pth', device='cuda', seed=42, n_viz=5, resume=0, start_epoch=0, eval=False, merge_imgs=False, train_ranker=True, force_tnse=False, save_cls=True, debug=False, use_wandb=False, use_doc_feat=True, num_workers=4, log_file=<_io.TextIOWrapper name='/home/ec2-user/workspace/outputs/A_R_org/out.log' mode='a' encoding='UTF-8'>, wandb_project_name='ranking', limit_train_batches=None, limit_val_batches=None, limit_test_batches=None, output_dir='/home/ec2-user/workspace/outputs/A_R_org')

 Resuming  reward _model from :  /home/ec2-user/workspace/outputs/sr_df/checkpoints/checkpoint35.pth

 Val acc after  0  epochs :  58.7920932112069   loss :  0.7409364260476211

 Train acc after  0  epochs :  60.12600298647093   loss :  0.7078728598977343

 Val acc after  1  epochs :  58.793776939655174   loss :  0.7408835785142307

 Train acc after  1  epochs :  60.168731109671846   loss :  0.707601754467722

 Val acc after  2  epochs :  58.7920932112069   loss :  0.7408995394049019

 Train acc after  2  epochs :  60.14702972078296   loss :  0.707854143558869

 Val acc after  3  epochs :  58.793440193965516   loss :  0.7408976944356129

 Train acc after  3  epochs :  60.17727673431203   loss :  0.7068362884570898

 Val acc after  4  epochs :  58.793440193965516   loss :  0.7408960435924858

 Train acc after  4  epochs :  60.16254677605066   loss :  0.7077130634481357

 Val acc after  5  epochs :  58.792429956896555   loss :  0.7408952387242481

 Saving at epoch  5

 Train acc after  5  epochs :  60.17941314047208   loss :  0.706712228440662

 Val acc after  6  epochs :  58.793776939655174   loss :  0.7408951382184851

 Train acc after  6  epochs :  60.0649467472654   loss :  0.7078431548575389

 Val acc after  7  epochs :  58.793776939655174   loss :  0.7408944456741727

 Train acc after  7  epochs :  60.24451730713874   loss :  0.7058341124308953

 Val acc after  8  epochs :  58.794787176724135   loss :  0.7408964006037547

 Train acc after  8  epochs :  60.08788500287853   loss :  0.7079599368620275

 Val acc after  9  epochs :  58.7920932112069   loss :  0.7408942789867007

 Train acc after  9  epochs :  60.186609455958546   loss :  0.707503132354822

 Val acc after  10  epochs :  58.792766702586206   loss :  0.7408943114609554

 Saving at epoch  10

 Train acc after  10  epochs :  60.148491472366146   loss :  0.7072280432619305

 Val acc after  11  epochs :  58.792429956896555   loss :  0.7408946974524137

 Train acc after  11  epochs :  60.179525582901555   loss :  0.7070678027457181

 Val acc after  12  epochs :  58.793776939655174   loss :  0.7408939960701713

 Train acc after  12  epochs :  60.15523801813472   loss :  0.7066862403008193

 Val acc after  13  epochs :  58.793776939655174   loss :  0.7408940169317969

 Train acc after  13  epochs :  60.19537996545768   loss :  0.7074647306984159

 Val acc after  14  epochs :  58.7920932112069   loss :  0.7408946324011375

 Train acc after  14  epochs :  60.10452648244099   loss :  0.7079288760821024

 Val acc after  15  epochs :  58.792429956896555   loss :  0.7408947267409028

 Saving at epoch  15

 Train acc after  15  epochs :  60.12454123488774   loss :  0.7073016150902247

 Val acc after  16  epochs :  58.794113685344826   loss :  0.7408939656512491

 Train acc after  16  epochs :  60.285221466609094   loss :  0.706713924788166

 Val acc after  17  epochs :  58.792766702586206   loss :  0.7408942212318552

 Train acc after  17  epochs :  60.19706660189983   loss :  0.7069540163464565

 Val acc after  18  epochs :  58.794113685344826   loss :  0.7408939633903833

 Train acc after  18  epochs :  60.13443616868164   loss :  0.7072774905477643

 Val acc after  19  epochs :  58.792766702586206   loss :  0.7408950217838945

 Train acc after  19  epochs :  60.16175967904433   loss :  0.7067244238529524

 Val acc after  20  epochs :  58.792766702586206   loss :  0.7408951380129518

 Saving at epoch  20

 Train acc after  20  epochs :  60.215282275474955   loss :  0.7069984493615233

 Val acc after  21  epochs :  58.792766702586206   loss :  0.7408948816102127

 Train acc after  21  epochs :  60.14421866004606   loss :  0.7072661100068035

 Val acc after  22  epochs :  58.792766702586206   loss :  0.7408949692701471

 Train acc after  22  epochs :  60.195042638169255   loss :  0.7074359714401544

 Val acc after  23  epochs :  58.792429956896555   loss :  0.740894649152098

 Train acc after  23  epochs :  60.1896454015544   loss :  0.7067023545555089

 Val acc after  24  epochs :  58.792429956896555   loss :  0.7408944588283013

 Train acc after  24  epochs :  60.22349057282671   loss :  0.7068011614187875
